nohup: ignoring input
Total patients to process: 5661
Exported image for patient ID A75BEF6E-294D-41E3-A20B-7F0389F507D8 (1/5661)
Exported image for patient ID A7657D99-96E6-4CA0-9311-C42396EF82C8 (2/5661)
Exported image for patient ID A88EB3A9-2F39-4067-97B0-46D1AE15CDC7 (3/5661)
Exported image for patient ID A8904782-EE34-4222-92FD-8CFD9C9511E4 (4/5661)
Exported image for patient ID A89DD143-BC4F-482C-A8BB-13125121A48C (5/5661)
Exported image for patient ID ABCC0DB1-176F-4E0F-800E-AB1F894145D4 (6/5661)
Exported image for patient ID AC931323-5BAC-4508-8A17-C0D491B3BC75 (7/5661)
Exported image for patient ID AD2BD5B0-5940-45E7-AFEA-5D9C8A5B5FC0 (8/5661)
Exported image for patient ID AD2E1B23-B99C-491A-AB90-2D7326FA9A2C (9/5661)
Exported image for patient ID AD511DDA-B1BF-49C5-A90A-A89EA45C400C (10/5661)
Exported image for patient ID AD572DC5-7774-4D78-90ED-13629D67A20B (11/5661)
Exported image for patient ID AD71C4F1-8FC6-4088-89BF-D9FBD69C802F (12/5661)
Exported image for patient ID AD74004A-79E3-4BE8-8795-BC670D48BF5F (13/5661)
Exported image for patient ID AD7BE902-7D49-43F3-8A63-8D8C0BFE937E (14/5661)
Exported image for patient ID AE5E553F-1BFD-4AF0-9C69-4AAE3C3A971B (15/5661)
Exported image for patient ID AE646DB6-6E5B-405C-8FA1-AB73AD815CC8 (16/5661)
Exported image for patient ID AE7E85BB-B619-4C17-8D3A-0097C4DA4B81 (17/5661)
Exported image for patient ID AE87D8B3-3D89-4A98-9CEB-5ED5E833C5F8 (18/5661)
Exported image for patient ID AF8D4AAC-85EB-4ABC-B5EB-8FBAE478BC00 (19/5661)
Exported image for patient ID AF9AA51B-9275-4176-B0AE-6F7FDC4B6C9E (20/5661)
Exported image for patient ID AFA2337D-8C29-4885-91B5-C8EF152B05C2 (21/5661)
Exported image for patient ID AFA3A0D9-258E-42AC-8BD4-3C16BF00FB01 (22/5661)
Exported image for patient ID B1364EA3-73F8-4934-90BB-DB94DB56D090 (23/5661)
Exported image for patient ID B1606838-D1AE-4CA7-AA5B-37578EBF5752 (24/5661)
Exported image for patient ID B1791267-EC0D-449F-95D3-B08EC0A69704 (25/5661)
Exported image for patient ID B1799375-99AE-4A48-BBA1-E885FE49A1CE (26/5661)
Exported image for patient ID B266918D-4FAF-4FD8-9A87-7502E599A96A (27/5661)
Exported image for patient ID B26A4A1D-C944-45CC-BCD6-EB2FE494DF67 (28/5661)
Exported image for patient ID B2BAC5EA-325C-48C4-822A-4E2404B78114 (29/5661)
Exported image for patient ID B2C3A4BD-B213-4EB9-A53A-735E8ED8FD70 (30/5661)
Exported image for patient ID B364491F-3DE1-453C-B2ED-567FD4A40C28 (31/5661)
Exported image for patient ID B36C6C30-85FD-4482-9002-F2BD7CF80BEB (32/5661)
Exported image for patient ID B372FA65-80D3-41BF-BC51-FBFB22C74369 (33/5661)
Exported image for patient ID B44F4B84-D86F-4048-AAE0-0026DE7CC13E (34/5661)
Exported image for patient ID B479824B-B1AC-4783-B922-2066551CB5C1 (35/5661)
Exported image for patient ID B60AB939-6DAB-4217-877D-C207CC3E8EF2 (36/5661)
Exported image for patient ID B60E7266-8813-4BEB-B29F-EB53F1D1758C (37/5661)
Exported image for patient ID B619195A-6611-48DA-9983-8962C55B8844 (38/5661)
Exported image for patient ID B6275F17-CFF1-4290-A64C-D0F2E581B7B1 (39/5661)
Exported image for patient ID B6D9278F-20B2-45ED-9192-6EA9E455E655 (40/5661)
Exported image for patient ID B6DCA4C8-BF11-45DF-A5A4-59DB140EDA5F (41/5661)
Exported image for patient ID B70A2D77-69C5-44F2-9FE8-C62A431FF629 (42/5661)
Exported image for patient ID B70C3843-B77F-4244-93F8-04246E6F9FAD (43/5661)
Exported image for patient ID B7106CD4-ED33-4253-AD52-9F876726A8E5 (44/5661)
Exported image for patient ID B83615E7-BAE8-468A-8E19-C99053742197 (45/5661)
Exported image for patient ID B8CFE2DD-5903-4BBB-B6BC-68B8422C9A77 (46/5661)
Exported image for patient ID B8D823CD-B9C4-441F-9001-BAC806DC5856 (47/5661)
Exported image for patient ID B8DAE625-3E24-4BBD-9F8A-58772DD31317 (48/5661)
Exported image for patient ID B8F51ACA-9EE9-4F1F-BBC9-0A5387751EFE (49/5661)
Exported image for patient ID B8F9B9F0-E9E3-4B8A-98D1-A4FC7556C1ED (50/5661)
Exported image for patient ID B96D6077-34A3-44B1-9013-6F97CB34A7D2 (51/5661)
Exported image for patient ID B992EAFF-B70B-4A44-A65A-B1B2A8A7C236 (52/5661)
Exported image for patient ID B999626F-BC3D-4BAE-AC7B-B30A2A8D02F7 (53/5661)
Exported image for patient ID BA77829A-064C-4EAF-8BC8-CBBB5F156F35 (54/5661)
Exported image for patient ID BA78A4E0-ECA7-411E-AFDD-84BECB3C16BB (55/5661)
Exported image for patient ID BA91866A-907D-438A-8136-06C74221D84B (56/5661)
Exported image for patient ID BA95F445-CBE8-4F12-92D7-88109B4C71F5 (57/5661)
Exported image for patient ID BA96FD84-7EB1-4385-985C-2C339EA0394E (58/5661)
Exported image for patient ID BAA2CC82-07ED-4EB4-ABE5-10A7B6BAC281 (59/5661)
Exported image for patient ID BB45DA47-E0F4-432F-B84A-7B439D8B538E (60/5661)
Exported image for patient ID BB5459C1-C2EE-472C-882B-17324CDCE353 (61/5661)
Exported image for patient ID BB5CB309-C52D-41E5-BAE9-D3AE8852C529 (62/5661)
Exported image for patient ID BB66203E-A240-4F06-B0FA-7FCA6306DC34 (63/5661)
Exported image for patient ID BD716BD0-0F65-4A67-BE4D-E85D13EABA25 (64/5661)
Exported image for patient ID BD77D6B7-EB77-44C4-8A31-7249938B2480 (65/5661)
Exported image for patient ID BE156FBB-9E0C-4B42-92BB-E3C9D94E5547 (66/5661)
Exported image for patient ID BE1570C8-4390-4304-9734-5E00C71469AF (67/5661)
Exported image for patient ID BEEB3E52-C73D-4531-8D0D-7BB0F1590575 (68/5661)
Exported image for patient ID BEF19429-5B62-4D3E-B2CC-B465A5C79B2E (69/5661)
Exported image for patient ID BEF7CB64-B546-4E20-96AA-BD6BA8A72900 (70/5661)
Exported image for patient ID BF1B1D14-1DAF-42C7-9824-A7E06A605825 (71/5661)
Exported image for patient ID BF1D01B7-B0FC-480D-A7C1-E742565A0C3B (72/5661)
Exported image for patient ID C009B465-4149-417E-9757-D876C1DD84EB (73/5661)
Exported image for patient ID C00C6CFD-45BF-4B00-8C30-2E85831034C2 (74/5661)
Exported image for patient ID C00E30FC-14DA-4FEC-98A6-02CB2323063A (75/5661)
Exported image for patient ID C183C7EA-57BA-4D8D-A6F4-6F6C2F339111 (76/5661)
Exported image for patient ID C18412A5-EC5C-4A63-9A94-0EC7697DE5A6 (77/5661)
Exported image for patient ID C1982007-AD34-4480-B307-B58495AC3124 (78/5661)
Exported image for patient ID C1BBC79F-4431-40A1-9BF6-EE92686A55D6 (79/5661)
Exported image for patient ID C24C0B4A-4560-474C-B4FB-420638779FE1 (80/5661)
Exported image for patient ID C24DC05B-8777-467F-B96E-C4CA332B5CBC (81/5661)
Exported image for patient ID C26D9D84-2EFB-4D91-A6A3-39EB85053C6A (82/5661)
Exported image for patient ID C26F648E-C448-462B-915D-3BFEACB295A9 (83/5661)
Exported image for patient ID C2732A89-AB04-4A74-8F41-85E8CFA9B1D5 (84/5661)
Exported image for patient ID C2865482-ECD1-43CC-B7C9-A47A7CC3E626 (85/5661)
Exported image for patient ID C28B4434-2427-42C0-8D88-1E90771577F3 (86/5661)
Exported image for patient ID C396C128-45B5-4694-BC30-185B4A197600 (87/5661)
Exported image for patient ID C3B98898-7E92-4915-9334-D44CE01C706E (88/5661)
Exported image for patient ID C471E77F-0BF2-46ED-A098-42E065992EC5 (89/5661)
Exported image for patient ID C5922A37-F047-49DA-A836-6D3E7638D6ED (90/5661)
Exported image for patient ID C59395FF-D856-4B10-B074-CAF26D153DB7 (91/5661)
Exported image for patient ID C637DCE6-1392-4735-852B-FC0E580FEF9C (92/5661)
Exported image for patient ID C64EED55-4217-41F7-8C8E-1F6B4A52DCEB (93/5661)
Exported image for patient ID C677F04E-F27B-4938-989D-D5CF49200574 (94/5661)
Exported image for patient ID C67A0835-D941-4231-B7AD-8CD1D219E127 (95/5661)
Exported image for patient ID C68228CC-AB59-448D-A8EF-4338E42D89CA (96/5661)
Exported image for patient ID C689F82C-4BC9-4A08-8397-9F6BE1AC8990 (97/5661)
Exported image for patient ID C73F93B9-E547-4568-88B0-9C47D1DB2A90 (98/5661)
Exported image for patient ID C74268D7-862E-4C7E-A181-D09C989819B3 (99/5661)
Exported image for patient ID C75140CF-B9DC-47F3-8046-977458D6A49A (100/5661)
Exported image for patient ID C7C0761E-B799-440F-9B38-D158CD393625 (101/5661)
Exported image for patient ID C7DC8AA3-5B7D-453B-A463-42D7F2815A7E (102/5661)
Exported image for patient ID C7DDC1A9-96E3-4C95-AEB4-73E2428344DA (103/5661)
Exported image for patient ID C8053E40-CB92-4136-9659-EFEE5513AFD4 (104/5661)
Exported image for patient ID C916FB97-E296-4C92-93F3-9F2F24C17FE5 (105/5661)
Exported image for patient ID C92A03E4-C40B-44ED-ACDF-A834A4E48207 (106/5661)
Exported image for patient ID C9455168-7BB1-4AFA-A15B-DB26ECBB0EB6 (107/5661)
Exported image for patient ID C9500F3E-EA11-4F36-989A-285C1E488B16 (108/5661)
Exported image for patient ID C9F488CB-BC7D-47A4-8F50-04D4CEF34A72 (109/5661)
Exported image for patient ID C9F69738-EF40-4C76-AD3C-C4A8055DD700 (110/5661)
Exported image for patient ID CB10EB33-DC16-41A7-8C0F-4B38D5E41EA8 (111/5661)
Exported image for patient ID CB1EC216-5ECD-47E9-9914-7EC1CEFA5218 (112/5661)
Exported image for patient ID CB270DC8-1D5B-4B5A-958A-1FD6F8CBEE56 (113/5661)
Exported image for patient ID CC0A6091-3288-4F93-8318-11D7FA8DB252 (114/5661)
Exported image for patient ID CC0D2C4C-ED2D-4F04-92D2-9FB34EDDD058 (115/5661)
Exported image for patient ID CC14A32B-BBF1-4AD2-8F31-049AFFF386D4 (116/5661)
Exported image for patient ID CC17889A-689B-4156-8477-5A4AB3967337 (117/5661)
Exported image for patient ID CC2800BD-B2F8-4540-91AC-9D48CE07E6C9 (118/5661)
Exported image for patient ID CC2B6AF7-1055-422E-870F-47B85C126158 (119/5661)
Exported image for patient ID CCE06560-DF6F-48FF-8FAB-0C5FCD262958 (120/5661)
Exported image for patient ID CCE74777-63E7-4C52-A723-633704E330C7 (121/5661)
Exported image for patient ID CDF66599-4031-4121-A231-EF2C0F4808A1 (122/5661)
Exported image for patient ID CDF84363-7045-4A4D-A7C9-056F4A73920E (123/5661)
Exported image for patient ID CE0E18EE-7F0F-4D26-90D1-CBE68DCC5EB2 (124/5661)
Exported image for patient ID CE1497B3-F453-4347-A70F-D86DEAAD0D9A (125/5661)
Exported image for patient ID CE8BF08F-6CF0-4299-825E-7D0E836555E3 (126/5661)
Exported image for patient ID CEA8F76F-167F-4641-9FE6-72A4F003AA5F (127/5661)
Exported image for patient ID CEBADDE0-9447-485B-9D5B-17D397843D1E (128/5661)
Exported image for patient ID CF21BE12-6159-4BD0-8BDE-DFDE69EB8EF1 (129/5661)
Exported image for patient ID CF38DE7C-254D-4A05-AC66-4DF12808D972 (130/5661)
Exported image for patient ID CF3901AA-0237-44DC-A465-CC24425B08CD (131/5661)
Exported image for patient ID CF3B4A34-BA4D-4CE9-BACE-CF4E33F1D905 (132/5661)
Exported image for patient ID CF3EAD0D-5AF3-44F3-9487-B502B99628AE (133/5661)
Exported image for patient ID CF462D05-4D7C-4AA0-808F-3F1597AA688A (134/5661)
Exported image for patient ID CF57137E-D9AC-4B8D-8E44-5DCE7804D09B (135/5661)
Exported image for patient ID CF973155-D26A-44FC-93BA-67C720B6F31B (136/5661)
Exported image for patient ID CF9EC3EA-DA0B-448E-B3A1-9E8203706AA3 (137/5661)
Exported image for patient ID CFF83B41-54BD-4DD8-923D-A8CA063CACF6 (138/5661)
Exported image for patient ID D00946BB-E867-4641-B828-F92793B5F62E (139/5661)
Exported image for patient ID D00F9881-172C-4899-A356-FB1344F84F34 (140/5661)
Exported image for patient ID D01F1CCD-C4FB-43D8-BB4F-244C87DD0117 (141/5661)
Exported image for patient ID D024B3D9-BF0C-4058-9E81-D0D31CF79C53 (142/5661)
Exported image for patient ID D037F710-972B-4EDB-9FAE-7E28C2A8BFBE (143/5661)
Exported image for patient ID D0478A90-4D7C-4D95-9566-FC7657CD5C6E (144/5661)
Exported image for patient ID D0525C26-76A3-44C1-9E21-A0C846922E0C (145/5661)
Exported image for patient ID D09EB3EF-8D10-428C-B060-A0871CDF011C (146/5661)
Exported image for patient ID D0CA5A3A-38B5-4BD3-8833-485CE0FB3D45 (147/5661)
Exported image for patient ID D0DC1C4D-459F-4E59-A972-810941D0D15B (148/5661)
Exported image for patient ID D0EB5015-6D53-407F-A8EE-06CCF7517F08 (149/5661)
Exported image for patient ID D10D10A1-452F-4F16-82CE-820BB7F6FC27 (150/5661)
Exported image for patient ID D11311EC-0B00-4E7D-A37C-4C78BA1FA03A (151/5661)
Exported image for patient ID D1212D44-0332-4ABB-A3BB-0F615CD508AD (152/5661)
Exported image for patient ID D15C2D61-CAEA-44E5-B378-626AC601D645 (153/5661)
Exported image for patient ID D1AF6A91-45A8-4584-BAEE-DC2F890D67AB (154/5661)
Exported image for patient ID D1B5478C-7DE6-4EDE-BA0E-BAB2DC428575 (155/5661)
Exported image for patient ID D1BF295B-52AD-4A8A-985E-6A7A5B8B9975 (156/5661)
Exported image for patient ID D1C16B33-5EF5-45FF-85E6-715F994DC3A6 (157/5661)
Exported image for patient ID D1CB8832-EE52-495F-A096-35DB7E976D8E (158/5661)
Exported image for patient ID D1D3FDAA-8166-4C01-903E-2AE4D57E46DB (159/5661)
Exported image for patient ID D1D59C54-E35A-4E91-9CDB-B9AFD64F0AD4 (160/5661)
Exported image for patient ID D1D5CA96-98E7-4025-9AE6-F89E10658AA7 (161/5661)
Exported image for patient ID D1E944C1-3CB4-40BB-84BF-F71C7752D817 (162/5661)
Exported image for patient ID D1FB6113-932B-446F-8133-0FDAAD5E41C8 (163/5661)
Exported image for patient ID D276CD0C-E80C-42D1-8167-344AF4872A96 (164/5661)
Exported image for patient ID D27E19E2-E5A6-4C7E-998E-9CC5D3E4163D (165/5661)
Exported image for patient ID D28FEDA0-390E-4F31-80F0-8FC004C93C18 (166/5661)
Exported image for patient ID D29E0A31-6884-43E6-997E-0453C24EFA94 (167/5661)
Exported image for patient ID D29ECA39-01E0-4D41-AEA6-B16436B4D4E1 (168/5661)
Exported image for patient ID D2B73BBA-7EBE-49BD-B05C-FDC1D825E52D (169/5661)
Exported image for patient ID D2C835EA-521F-4EC4-87BB-31E9A23C78EE (170/5661)
Exported image for patient ID D3257CC2-60C3-4AB6-A33D-4F4F612423CE (171/5661)
Exported image for patient ID D3269780-ACA7-48FC-A0B6-0B15217F2142 (172/5661)
Exported image for patient ID D326CF00-52D6-4319-B32E-122BAFEEAA75 (173/5661)
Exported image for patient ID D329CD09-94F9-4340-98D8-FEB1C74C3D8A (174/5661)
Exported image for patient ID D33F4C9B-2B34-420F-A28A-48D71B388A48 (175/5661)
Exported image for patient ID D38FDA73-9C8F-4811-99DE-D0C804CB81D7 (176/5661)
Exported image for patient ID D394D8CA-0F1A-4628-9ABB-A03C10FF2342 (177/5661)
Exported image for patient ID D39C4712-B264-4286-975F-8E507C686ED8 (178/5661)
Exported image for patient ID D3C7F504-FE8C-4264-A211-3B386EE72055 (179/5661)
Exported image for patient ID D3E40E10-C82B-4711-99AB-625D97E5D7D7 (180/5661)
Exported image for patient ID D3E74478-35FE-4820-9466-B1D134D778EA (181/5661)
Exported image for patient ID D3E99E1C-6146-4E0D-8D68-98D5D2628114 (182/5661)
Exported image for patient ID D3FC85D7-BD2E-4B35-88D0-B31F4C1727B9 (183/5661)
Exported image for patient ID D40E2B9E-A52B-43AF-9235-071C3FBECA93 (184/5661)
Exported image for patient ID D49498AE-8F75-41B1-B69B-AC2E4ADFF1FF (185/5661)
Exported image for patient ID D4A78DF8-DF37-4A8C-B522-708246F632E4 (186/5661)
Exported image for patient ID D4B2E6D4-A0EA-49A0-BB49-A60F1F67C798 (187/5661)
Exported image for patient ID D4BAF4CC-9D43-4C61-8872-3C3262504955 (188/5661)
Exported image for patient ID D4C4B5F5-2904-49F2-8EF1-8B90C347A74D (189/5661)
Exported image for patient ID D4CC67FD-A392-4F62-BAF8-31FCCFE358B0 (190/5661)
Exported image for patient ID D4D79553-2340-4171-BB93-A2D30E08234F (191/5661)
Exported image for patient ID D4DB7006-77EA-4A18-9F9F-32E9B64B1916 (192/5661)
Exported image for patient ID D4FB5D2C-630D-4FDA-9F41-B4961B54A5B1 (193/5661)
Exported image for patient ID D5005491-E77F-4144-868A-455D7CC40EAF (194/5661)
Exported image for patient ID D566770C-CE62-4912-885B-9B4F9371AC34 (195/5661)
Exported image for patient ID D57DC450-9199-4B59-816E-E11B62D9EA32 (196/5661)
Exported image for patient ID D57FF5DF-ED35-4862-88B0-010589C56F92 (197/5661)
Exported image for patient ID D58CADED-1849-4255-9BFF-D61C0D89D0CB (198/5661)
Exported image for patient ID D5AD8FA2-04D9-4B91-B99F-54B6DE86AA3C (199/5661)
Exported image for patient ID D5B6C0D4-13DE-4CB8-95D3-864525D16BFC (200/5661)
Exported image for patient ID D5D37050-9FE5-4C95-A27C-276F9157CA9E (201/5661)
Exported image for patient ID D5DBA703-A6E4-4A25-9589-BED43FAB621A (202/5661)
Exported image for patient ID D5F60E64-3C30-4147-A8F9-19622667D3FB (203/5661)
Exported image for patient ID D5F6E8BB-FD47-42BB-8DA0-A0FE31C81A49 (204/5661)
Exported image for patient ID D666A4C9-006A-474C-B084-786719638B83 (205/5661)
Exported image for patient ID D67612F3-1351-4D9D-B6A2-0CBF3F7DB79D (206/5661)
Exported image for patient ID D67CC1AA-08F4-4796-9BA9-00D023FEAD23 (207/5661)
Exported image for patient ID D68CCBD9-0177-4B6B-9A2E-9BD8330C0BFE (208/5661)
Exported image for patient ID D6919F95-3527-4450-B3CC-35A82F381E7C (209/5661)
Exported image for patient ID D6A1F5EF-4724-44F4-A3D1-2DFA2FECB151 (210/5661)
Exported image for patient ID D6A4F1E6-29CF-445A-A725-1D161BE5085D (211/5661)
Exported image for patient ID D6B93B8C-0F0A-4722-9DE5-885D124FB0F9 (212/5661)
Exported image for patient ID D6D5C7F2-FA3C-40E7-9E8A-AEBED1B3EE3C (213/5661)
Exported image for patient ID D6DCB409-87CF-43D8-9953-D4AAE452F3F9 (214/5661)
Exported image for patient ID D72F8A7E-1039-421A-B3C8-D93FE098ADB5 (215/5661)
Exported image for patient ID D734E470-8191-4618-9910-9D40F014A668 (216/5661)
Exported image for patient ID D73BAC71-D33E-46A6-95A9-A5F994302249 (217/5661)
Exported image for patient ID D74589BB-A05E-4F9E-8465-F7EDDA079F2F (218/5661)
Exported image for patient ID D75BBF70-3903-4D66-9856-5D872FDDE838 (219/5661)
Exported image for patient ID D7630C73-1BBF-42F0-AE98-F85BC1378D15 (220/5661)
Exported image for patient ID D7752632-01E9-4B84-914F-D51F4719FA91 (221/5661)
Exported image for patient ID D7881F60-649B-4218-97A8-8B01B6001BA6 (222/5661)
Exported image for patient ID D78893C4-E59C-455D-93DC-2813C7C451A8 (223/5661)
Exported image for patient ID D7C6B31B-3F56-4B55-A311-C4F975920B1E (224/5661)
Exported image for patient ID D7D1C4F4-4F63-4E6E-AD0C-F2E1DB113AF8 (225/5661)
Exported image for patient ID D800E729-C1A3-45AC-A6AE-A3A679572585 (226/5661)
Exported image for patient ID D8141E76-D92B-45A9-B791-D96D31DA7F92 (227/5661)
Exported image for patient ID D81CA009-189F-4D87-B70A-1BA612C05A18 (228/5661)
Exported image for patient ID D81F8B93-BBA6-4EAF-8899-9EF44D1C61BD (229/5661)
Exported image for patient ID D82D49DA-71E1-4047-A0D9-39CEE52B8983 (230/5661)
Exported image for patient ID D837A0CA-64A8-4A0A-877E-D03A09FB833E (231/5661)
Exported image for patient ID D8A9ECE9-45A8-4FFE-80C9-54D4BB4E4904 (232/5661)
Exported image for patient ID D8B5DB3C-9049-4526-875B-F80543E36595 (233/5661)
Exported image for patient ID D8C19595-4184-479B-A02E-7BE4ADA42771 (234/5661)
Exported image for patient ID D8C66D7D-405B-4BF8-A694-D5E2C695F22E (235/5661)
Exported image for patient ID D8DD8C2C-4A4F-4591-81CC-C144F30B05E3 (236/5661)
Exported image for patient ID D8E2A0E5-41AA-4BD8-9B91-204D906E3432 (237/5661)
Exported image for patient ID D8E69C08-63D8-471E-A9FD-8F89B0D39C70 (238/5661)
Exported image for patient ID D8E6E79E-00EF-4055-AB91-1C44571EB44C (239/5661)
Exported image for patient ID D8E96E9B-1FB2-4765-8E65-15FBD85C710E (240/5661)
Exported image for patient ID D917C44D-E9EB-46A9-BDD5-A4D4D86C9817 (241/5661)
Exported image for patient ID D9A44CC4-3834-4CB5-9D31-B5253948C954 (242/5661)
Exported image for patient ID D9B46531-4E50-420A-BF1D-B6C3CA1D092C (243/5661)
Exported image for patient ID D9B9F851-E760-4168-B5DD-71E0312C65E1 (244/5661)
Exported image for patient ID D9C71ED0-936F-48C5-80DC-A9F780AAC26C (245/5661)
Exported image for patient ID D9DA8595-B2D6-4E8B-83FD-4FFE4EBBB83E (246/5661)
Exported image for patient ID DA3C91A0-3DF4-4DC0-827A-3C4919C0BA0F (247/5661)
Exported image for patient ID DA5DBE1E-EAB8-4502-B858-107D6EC61107 (248/5661)
Exported image for patient ID DA8EC5A5-5689-45CB-8709-F1D3C50F89CC (249/5661)
Exported image for patient ID DA9F1B8A-37CD-481D-A484-888A4038DF04 (250/5661)
Exported image for patient ID DAA1E010-6DF8-4119-AB0A-CA247B28D127 (251/5661)
Exported image for patient ID DAA403C9-42F1-48B5-B11C-704B49E845C7 (252/5661)
Exported image for patient ID DAA83F25-B010-40B7-A954-A48726098EE7 (253/5661)
Exported image for patient ID DAE1F4E9-98FB-43FD-B74B-C0EDA543BA00 (254/5661)
Exported image for patient ID DB210720-8C2D-4D92-9971-5E975C7AB7C2 (255/5661)
Exported image for patient ID DB364587-D575-4215-A13E-EF94BA9E4A20 (256/5661)
Exported image for patient ID DBB5EF7C-36DC-4BDA-B7A3-71DD342D3191 (257/5661)
Exported image for patient ID DBCFE39F-0CC8-4945-B8C1-C0BA784633BF (258/5661)
Exported image for patient ID DBDEDCD3-5CE1-4774-8D8C-63119C48C191 (259/5661)
Exported image for patient ID DBEFB61D-8748-425D-B25E-9CC276E415F6 (260/5661)
Exported image for patient ID DC0AB37C-454D-438E-B50A-36D15420862A (261/5661)
Exported image for patient ID DC0BB3AC-567D-4C0A-B914-5F1133E435BB (262/5661)
Exported image for patient ID DC217C21-FF34-4397-93BB-6A16DDCE5D85 (263/5661)
Exported image for patient ID DC26CD11-FB32-4B33-97CC-FD975D268A00 (264/5661)
Exported image for patient ID DC534BC0-CC1D-4FF6-86DD-0F9299A83F69 (265/5661)
Exported image for patient ID DC586B00-FDF5-4D46-8396-C05A1A38A70A (266/5661)
Exported image for patient ID DC6506FA-E1D7-48D2-A68F-CF06554DC4FF (267/5661)
Exported image for patient ID DC793693-B7C2-405C-93FC-2B3C7EA678A6 (268/5661)
Exported image for patient ID DCA03366-2555-4A64-A902-B400681B71A2 (269/5661)
Exported image for patient ID DCADCAF0-413A-4BC9-B51A-DB601429F75B (270/5661)
Exported image for patient ID DCB373C0-2078-4897-A28F-19334C522D65 (271/5661)
Exported image for patient ID DCD11AE7-21D9-4537-BB62-C9043E35CDEC (272/5661)
Exported image for patient ID DCD41224-F03D-455A-8E1F-FC77325137BF (273/5661)
Exported image for patient ID DD2327B0-4718-454E-8AFC-6E81951F0B54 (274/5661)
Exported image for patient ID DD266CB9-B71F-4711-8DDB-2CEB2D0F53A9 (275/5661)
Exported image for patient ID DD3277E0-9340-4E4F-8CE3-9713DCB284CF (276/5661)
Exported image for patient ID DD3CADE9-6F83-4DAD-B58C-C7DD6B17C512 (277/5661)
Exported image for patient ID DD43239D-A371-4155-BACD-9703E4B24601 (278/5661)
Exported image for patient ID DD44AFAE-96B9-4C06-B4E9-F6ED92A4DF84 (279/5661)
Exported image for patient ID DD64D8AE-91DC-42AF-BA80-0205ED1ED7AE (280/5661)
Exported image for patient ID DD866309-49CE-4503-B814-8989A9165EB7 (281/5661)
Exported image for patient ID DD9919EF-700C-4EC1-879C-CD3A2F5F764D (282/5661)
Exported image for patient ID DE3428C7-B684-4331-B03C-35565E15B117 (283/5661)
Exported image for patient ID DE3638E3-6485-427D-B6B6-547054C89BFC (284/5661)
Exported image for patient ID DE3C7D58-D47D-449C-A0D6-BFBC00A18867 (285/5661)
Exported image for patient ID DE3FFE4A-4CEF-44B6-BED5-9EA948DC14AD (286/5661)
Exported image for patient ID DE46EC77-7BD8-4196-B19E-C1E7F1A29476 (287/5661)
Exported image for patient ID DE58CF2A-2978-425D-B1B3-4B069E04608C (288/5661)
Exported image for patient ID DE5A85E4-5ECC-4575-8675-0BF4F45507B5 (289/5661)
Exported image for patient ID DED520E5-B792-46A1-94BA-499643BF9C99 (290/5661)
Exported image for patient ID DEDE6D30-EA7E-4A13-8808-797EB0CF36DC (291/5661)
Exported image for patient ID DF03344C-AF9C-4BFB-ADAA-9C5F8F9E43AE (292/5661)
Exported image for patient ID DF052DC6-FB4C-42CA-8022-7F034E8D1B6D (293/5661)
Exported image for patient ID DF25AE18-421F-49AE-8C26-2B79D888896F (294/5661)
Exported image for patient ID DF27FF8D-F45D-4B2A-A363-D46767854292 (295/5661)
Exported image for patient ID DF2FDCE1-2BC5-48CD-B1C3-7BAAA6660CDD (296/5661)
Exported image for patient ID DF4BDA2E-249C-4069-9F5D-C390FDB7053E (297/5661)
Exported image for patient ID DF4D8309-2BE0-43D0-AED9-7C3AF3368AC3 (298/5661)
Exported image for patient ID DF5677DB-4BA0-4A01-BA4E-AF3E5FE39CC6 (299/5661)
Exported image for patient ID DFCD8F50-1FF8-4D19-B367-843F65ADC3A4 (300/5661)
Exported image for patient ID DFF2C221-9948-417F-BED0-C98608508597 (301/5661)
Exported image for patient ID E00027C2-34D2-4F97-AB97-A6061AACB25C (302/5661)
Exported image for patient ID E0108EB6-E517-4E3D-8B3F-962862890068 (303/5661)
Exported image for patient ID E0122A05-0D00-4783-8C18-0C685EBB7292 (304/5661)
Exported image for patient ID E01D9130-F6A3-4754-B663-53536B005B2D (305/5661)
Exported image for patient ID E03D2F0A-F46F-47AD-B0CC-13DA986174FE (306/5661)
Exported image for patient ID E03DBE40-E4F5-4E18-A289-D06DDAF08A31 (307/5661)
Exported image for patient ID E04941DA-7F20-4447-BA89-E6BE3683E37B (308/5661)
Exported image for patient ID E04946C6-2FBE-4EA4-BF88-68A08C666259 (309/5661)
Exported image for patient ID E0B26A5E-DA12-404A-830C-9B188044B3EC (310/5661)
Exported image for patient ID E0B684C3-7DEB-43F2-8591-7BBC3C28AFFC (311/5661)
Exported image for patient ID E0BDA7FD-D029-4A6A-A304-93D1A59BB40C (312/5661)
Exported image for patient ID E0C4AB6F-5B7A-41A9-A6B2-D15D649B23C5 (313/5661)
Exported image for patient ID E0C9941D-56DE-4FA6-B578-5FEC4BC7D17B (314/5661)
Exported image for patient ID E0CB2B56-76D5-4BAF-93CD-C48B3BA0A17E (315/5661)
Exported image for patient ID E0D96770-894B-4D61-B6BA-425964830C69 (316/5661)
Exported image for patient ID E0E4EE4B-DB38-49A7-ABDA-49135D3C7849 (317/5661)
Exported image for patient ID E1141F5F-8813-45D1-AA17-238A17D8A761 (318/5661)
Exported image for patient ID E19AE5B1-7217-4E62-AF51-22630AFAE871 (319/5661)
Exported image for patient ID E1A81FDD-EF64-430D-9E59-6927A43168D6 (320/5661)
Exported image for patient ID E1B56392-516B-4857-8E52-01EF130DC9AC (321/5661)
Exported image for patient ID E1B87BAE-D454-44FF-B702-4251C33CCF09 (322/5661)
Exported image for patient ID E1BBE04E-6BF7-4D23-B6EC-AD59F495CBBD (323/5661)
Exported image for patient ID E1C19FCF-D294-48D5-B157-7783EC2D8D2B (324/5661)
Exported image for patient ID E1F24B2B-268B-421A-9B94-C4B4F0AE098A (325/5661)
Exported image for patient ID E1F2A24F-7CAF-46D1-B80B-43DCDAF2D943 (326/5661)
Exported image for patient ID E202F233-B240-441B-B973-CE9DC7CB119F (327/5661)
Exported image for patient ID E20C2395-F12A-4AF8-96D9-687D48670DFA (328/5661)
Exported image for patient ID E20D8485-DEAF-4DFF-86D2-2E86B534EBEC (329/5661)
Exported image for patient ID E279CE4A-D0A4-4A27-B4C1-C561E552F907 (330/5661)
Exported image for patient ID E2880823-3DCB-48F9-AF37-16B0A010166D (331/5661)
Exported image for patient ID E297161C-B78F-49AF-B7FC-70EA3BD279F1 (332/5661)
Exported image for patient ID E2A4A136-FE59-4B28-A82F-03F0116F9B2A (333/5661)
Exported image for patient ID E2A77149-C737-4343-96B5-90F28C9BA00C (334/5661)
Exported image for patient ID E2A87E29-CAAF-48AA-BB3A-09605A5F715B (335/5661)
Exported image for patient ID E2B7840C-D567-498F-8662-8D1DBE0439BF (336/5661)
Exported image for patient ID E2D9E6BA-15F4-47A7-B6A0-E744E1EB582F (337/5661)
Exported image for patient ID E2E15BD5-5F21-4799-A27D-18154D8933A7 (338/5661)
Exported image for patient ID E30079F9-8B6F-4C4B-86B8-01450D3B90D3 (339/5661)
Exported image for patient ID E30762AC-AB3D-4321-A2E1-7336242C6311 (340/5661)
Exported image for patient ID E393BE86-09AE-4FDB-953E-B26D909B9914 (341/5661)
Exported image for patient ID E39E4200-BA1D-459E-989B-2237859583C4 (342/5661)
Exported image for patient ID E3A15F02-6258-4767-896D-8620D2074E58 (343/5661)
Exported image for patient ID E3B64226-E5C8-45A5-97B6-14C0FE26A3D4 (344/5661)
Exported image for patient ID E3BC6F2F-8730-4657-91CB-3689F03A4800 (345/5661)
Exported image for patient ID E3C2B3DA-7580-4D78-8889-552B95D1CC58 (346/5661)
Exported image for patient ID E3D95216-06C3-4128-A836-EB380F876FEC (347/5661)
Exported image for patient ID E3DE41E5-2A42-4814-AFA9-D41427F8680A (348/5661)
Exported image for patient ID E3ED7993-DF5F-4BD6-A7DD-B9C67440DEA9 (349/5661)
Exported image for patient ID E3EEE6F8-24C9-4993-99DB-D00EC805066C (350/5661)
Exported image for patient ID E47F36E7-351D-4BF7-B03B-CBB9D7DD17B9 (351/5661)
Exported image for patient ID E4838506-1B29-4B9D-91B7-10796C1854B8 (352/5661)
Exported image for patient ID E489BC80-16A7-42DA-B936-3A28E7F946C2 (353/5661)
Exported image for patient ID E4A3225F-E6E7-4901-8216-61960B84344B (354/5661)
Exported image for patient ID E4B2B8BD-1858-4104-9FD8-1C96C9E13498 (355/5661)
Exported image for patient ID E4B45886-42C3-40E7-9A76-C004B689BA24 (356/5661)
Exported image for patient ID E4B4A981-F72B-4E61-B78A-FC2D5CBE0313 (357/5661)
Exported image for patient ID E4B71A1E-1DA1-494F-A816-25DDA51A15E4 (358/5661)
Exported image for patient ID E5016087-A9CB-48C2-B51C-E9C706CCDA80 (359/5661)
Exported image for patient ID E5018A62-35DD-4E16-BB5B-F65E04136A62 (360/5661)
Exported image for patient ID E5167886-7924-42EF-B4C4-84DBD03C7041 (361/5661)
Exported image for patient ID E5193FF4-F614-42A9-8E73-E8FE38B88019 (362/5661)
Exported image for patient ID E56D0E21-1516-41C6-8D2E-031200F006E7 (363/5661)
Exported image for patient ID E577121C-639E-4696-AEC0-09D43F3162B0 (364/5661)
Exported image for patient ID E583B726-CF45-4B5C-9365-6266EC9F4C4C (365/5661)
Exported image for patient ID E5EDA44F-CFA1-433F-838E-6D4A8E504E00 (366/5661)
Exported image for patient ID E6275CF6-53C4-4B02-A4AB-9398B57F06D8 (367/5661)
Exported image for patient ID E62B3E54-8164-497E-A907-AABC79D92DB5 (368/5661)
Exported image for patient ID E6417B67-20E7-4E91-9784-051FBDFA15CD (369/5661)
Exported image for patient ID E658D60A-9258-4147-82A7-94AE57D51BC5 (370/5661)
Exported image for patient ID E65BD1A7-9095-49F2-91CA-2E6811285829 (371/5661)
Exported image for patient ID E6625DD7-AD1F-4E29-9857-25F9AC929A44 (372/5661)
Exported image for patient ID E666D8F0-FC26-498D-8605-8EFE961304CF (373/5661)
Exported image for patient ID E6AB565F-EF7A-49AD-8697-8617099A5D0F (374/5661)
Exported image for patient ID E6E84458-38CA-488B-9FEE-FB6E7D7E2B9A (375/5661)
Exported image for patient ID E6EB3BCD-0127-4DE3-B06C-1E6B8B4F69A6 (376/5661)
Exported image for patient ID E7146871-61AE-41F7-81D5-42481E9D0E09 (377/5661)
Exported image for patient ID E73D7761-0419-4AAB-8C16-4AB65E23B2B5 (378/5661)
Exported image for patient ID E74A2F2F-9A90-45BD-A236-5F97E50D513A (379/5661)
Exported image for patient ID E758D043-9822-4FC0-AFE3-E26CF4D158D9 (380/5661)
Exported image for patient ID E763E86E-2C8F-4F00-8AAE-8E2AAD7A1018 (381/5661)
Exported image for patient ID E766EDEA-130D-4E62-BD80-7CF2D3367FFB (382/5661)
Exported image for patient ID E7683907-5CB6-4FE9-BEF3-710198FB53E5 (383/5661)
Exported image for patient ID E7E8F9C0-EB37-4F90-8AE8-3633D7984034 (384/5661)
Exported image for patient ID E7E9CA06-CC9F-4042-8901-5C7CBA47C044 (385/5661)
Exported image for patient ID E803460C-C377-4C34-B8E2-D56EE43AB2FA (386/5661)
Exported image for patient ID E8052B1B-F4D6-4CC9-9E41-B3D4442EB599 (387/5661)
Exported image for patient ID E82CF62B-2552-46CD-A460-14A603F278AD (388/5661)
Exported image for patient ID E831EBA7-4E6E-4AF4-B993-AE5F9A95BB4B (389/5661)
Exported image for patient ID E8338778-9F06-4AB5-86DA-C57FB119DBDD (390/5661)
Exported image for patient ID E8371754-16BF-489E-9946-750E2FA29EBB (391/5661)
Exported image for patient ID E8B10E8D-03E6-473C-A60F-1550E3E8312F (392/5661)
Exported image for patient ID E8DE7F1A-1937-4A72-87FB-CB22CAA6F380 (393/5661)
Exported image for patient ID E8E788E5-B511-44C2-B731-EAFAE8985095 (394/5661)
Exported image for patient ID E8EDB700-DD86-4A0F-8839-90C6FB98CFD9 (395/5661)
Exported image for patient ID E913E7F5-D81B-47E1-8567-F6F4B6C823A0 (396/5661)
Exported image for patient ID E914B366-3B9F-4C05-8E24-E1F4278863EC (397/5661)
Exported image for patient ID E9605B32-CE57-4D72-9B99-729D19E1F605 (398/5661)
Exported image for patient ID E96BAC7E-B9C2-412C-8B85-400253D584C5 (399/5661)
Exported image for patient ID E989140A-2F5B-4938-BEF0-8F8B140C2E5D (400/5661)
Exported image for patient ID E9BFFB81-E4FB-4FBF-97D2-61317F95F998 (401/5661)
Exported image for patient ID E9D95222-4F39-4D9F-9D77-7162EE1B42F1 (402/5661)
Exported image for patient ID E9DD2F50-7740-4C8D-BCB6-8CA7580C9C5A (403/5661)
Exported image for patient ID EA35D31F-9D97-436F-BCBA-0A279E986DFF (404/5661)
Exported image for patient ID EA3A92AE-191A-42D1-AA7C-0C77ACAB1416 (405/5661)
Exported image for patient ID EA3D0FF0-6356-437D-A0A6-ECD1C854035D (406/5661)
Exported image for patient ID EA3D7C66-9318-44AB-950F-C64417BF4CCD (407/5661)
Exported image for patient ID EA77102D-290D-4D64-8F59-2D5A3A2B078F (408/5661)
Exported image for patient ID EA779C95-A0CB-4DCB-8B33-CC48547403DD (409/5661)
Exported image for patient ID EA9A8B67-D5C0-40E0-9369-F443285E26BB (410/5661)
Exported image for patient ID EA9DB06F-52EF-438E-B94F-A7ECF8513961 (411/5661)
Exported image for patient ID EAA01092-C279-47A2-8A6F-627FC3327056 (412/5661)
Exported image for patient ID EAAB470A-7465-4ABD-9DB7-60BD2B977A7D (413/5661)
Exported image for patient ID EB167F27-72B8-423B-8934-F1EE18398147 (414/5661)
Exported image for patient ID EB2EBF3F-7C9F-4B7E-920F-BDC7AEC551BE (415/5661)
Exported image for patient ID EB3F880C-B26C-45D9-AC35-4420762254C4 (416/5661)
Exported image for patient ID EB440862-A7A3-4EB6-96DF-959DDC03B633 (417/5661)
Exported image for patient ID EB70BAA7-995B-4D8D-9A45-7291837268BB (418/5661)
Exported image for patient ID EB791DD5-1CAB-4256-AFD7-3BDB82AF905D (419/5661)
Exported image for patient ID EBC1A33E-0BF7-4F79-BD51-13C438662894 (420/5661)
Exported image for patient ID EBDB3A42-9F9E-45C2-A213-52670B103C39 (421/5661)
Exported image for patient ID EBDCD1BB-7E5A-4521-8C21-EBC4E86F1FFF (422/5661)
Exported image for patient ID EBFC3B3A-359A-4C43-AD6A-5B17E0789F0B (423/5661)
Exported image for patient ID EC1A2616-77D6-408D-89B3-AAFD72C869BC (424/5661)
Exported image for patient ID EC31CBAA-5FDA-41FC-AF14-A41399D90A1C (425/5661)
Exported image for patient ID EC3DA66D-B9AA-40D9-9B1B-E58F1A612786 (426/5661)
Exported image for patient ID EC4A1F9F-8A63-49B3-A0FB-1EE39A55CF65 (427/5661)
Exported image for patient ID ECB6545F-AD3E-4C73-B9AB-23C1DC2A12C4 (428/5661)
Exported image for patient ID ECC09349-91D1-41FD-A724-3A68CC269FEB (429/5661)
Exported image for patient ID ECD16FA0-5A32-4574-8A15-25FCC2407995 (430/5661)
Exported image for patient ID ECD63391-C641-4728-BBF3-93318ADA12AF (431/5661)
Exported image for patient ID ECDD6B28-83DB-4A9C-80B0-D2999BF09A89 (432/5661)
Exported image for patient ID ECF7AC84-225E-4F92-802E-C8CE7285CF27 (433/5661)
Exported image for patient ID ED033A34-B851-406C-9D7C-BA7577616876 (434/5661)
Exported image for patient ID ED396CAF-DA36-45E7-8192-9E384A0CC397 (435/5661)
Exported image for patient ID ED66D4A8-4CBB-4E7A-8325-F3C31F9B0D7B (436/5661)
Exported image for patient ID ED79D088-239B-43B5-B18D-E0A8B521683A (437/5661)
Exported image for patient ID ED95FBFF-E222-47E1-8686-CA0E3AC69FA7 (438/5661)
Exported image for patient ID EDA75F56-C2BE-4EFB-9CF3-0364C1CA17AE (439/5661)
Exported image for patient ID EDAE4861-215B-4EE4-9E27-89FCCD896A3B (440/5661)
Exported image for patient ID EDB4B5BD-64F6-40FF-908E-52C4790E1421 (441/5661)
Exported image for patient ID EDBA8B04-0DE2-417D-BC31-91915056A799 (442/5661)
Exported image for patient ID EDC51F8F-3DC2-4F1B-8E2A-ADECC80CC2EC (443/5661)
Exported image for patient ID EE42BB9D-44DB-452A-B88A-65EC12A79C6E (444/5661)
Exported image for patient ID EE49468A-1FAE-499F-B375-EAE00F963D2A (445/5661)
Exported image for patient ID EE496C76-85A4-4823-ABDD-26B0CB10552B (446/5661)
Exported image for patient ID EE5B1F1E-8C5A-45AC-AAF4-6ECE5A192C17 (447/5661)
Exported image for patient ID EE9333F6-369E-4FDA-AFD2-56160D2B250C (448/5661)
Exported image for patient ID EEA64AAC-C1D9-4318-982C-76E395DC713D (449/5661)
Exported image for patient ID EEA87AEA-4CDB-46F1-8C5E-1AF379172030 (450/5661)
Exported image for patient ID EEC40713-F243-4B09-BB65-D74D7F8FC629 (451/5661)
Exported image for patient ID EEC7DC02-D92D-4613-816A-7DCEBE63955F (452/5661)
Exported image for patient ID EED35636-4B7C-4D73-883B-21E68531D281 (453/5661)
Exported image for patient ID EF6B6A17-F866-4915-977F-C655FD86FAE4 (454/5661)
Exported image for patient ID EF8FCA37-A71A-483B-BDFD-90038D82CB9D (455/5661)
Exported image for patient ID EFA6D974-8EDB-417D-84C4-83EB56D2DC98 (456/5661)
Exported image for patient ID EFAD3E0D-27B1-4B2D-B701-D462EDBF89EE (457/5661)
Exported image for patient ID EFAF026B-2DF6-42A5-AB55-684E4F10787A (458/5661)
Exported image for patient ID EFDB3FDA-0788-421B-869C-DE18E4281D76 (459/5661)
Exported image for patient ID F0541F75-28FA-4DE8-8A3E-A977C4AC23E1 (460/5661)
Exported image for patient ID F077C7A7-3909-4BBB-8F30-11EB09684425 (461/5661)
Exported image for patient ID F0B6BDBD-0B0D-46D3-9BBD-94F59C2DEE63 (462/5661)
Exported image for patient ID F0C6053E-0825-4D00-831A-4F66EEAB0C17 (463/5661)
Exported image for patient ID F0FC9E21-2FDF-417A-A76D-18BE5E3270B0 (464/5661)
Exported image for patient ID F19BED40-6F90-4D96-A7FD-89F33E5E3B30 (465/5661)
Exported image for patient ID F1BFB9A1-484F-4E5C-906D-C32D4019A748 (466/5661)
Exported image for patient ID F1D0222A-FB5F-4FEC-ACDB-223E24EE1A2F (467/5661)
Exported image for patient ID F1D1C05F-6438-4EA4-81FA-3214279CB42F (468/5661)
Exported image for patient ID F1E43B0F-669A-4605-83D7-BB7A023578B4 (469/5661)
Exported image for patient ID F1F92497-B8AD-43AF-9D50-58D5D70884C6 (470/5661)
Exported image for patient ID F222D37F-9F49-4446-AB8D-6692C89AB2C2 (471/5661)
Exported image for patient ID F22D5EB9-9549-4A1A-8249-8232528D3EA8 (472/5661)
Exported image for patient ID F23702F8-4D05-46DA-8F91-C53019D4BDBF (473/5661)
Exported image for patient ID F2499F81-A645-499B-90F1-A913F633F788 (474/5661)
Exported image for patient ID F26A7B95-FFF3-411A-9CC5-B74B167A5185 (475/5661)
Exported image for patient ID F2732884-EBB3-4FAF-A04F-7148B0D72ED8 (476/5661)
Exported image for patient ID F27A0192-B0D5-4A1C-A4DF-014488835B36 (477/5661)
Exported image for patient ID F28312ED-1CD6-4859-8BD3-1FFB184B3FCF (478/5661)
Exported image for patient ID F2A35FD1-E302-4D0B-8526-762BB1C746DE (479/5661)
Exported image for patient ID F3251DD4-3546-4C39-9D4A-A099BB32542F (480/5661)
Exported image for patient ID F329E59F-B739-4033-A0E8-8A8B5DA36BBF (481/5661)
Exported image for patient ID F33D21BB-1994-4654-BAD6-840C49517565 (482/5661)
Exported image for patient ID F3410944-F715-4B15-9F76-00179770DEC5 (483/5661)
Exported image for patient ID F3436FA4-E888-494C-BF46-81C8663584EB (484/5661)
Exported image for patient ID F34991A7-6153-49AE-B436-D3A070D50270 (485/5661)
Exported image for patient ID F3503950-58DB-44C6-9070-D1969FB20F27 (486/5661)
Exported image for patient ID F368CEF6-84FE-40DA-9970-E7DB2847E3F8 (487/5661)
Exported image for patient ID F39AF401-35A6-4807-A694-9135EC664866 (488/5661)
Exported image for patient ID F3F76218-1408-422C-BF59-0CB3BBBFF7F4 (489/5661)
Exported image for patient ID F40155D1-DC45-4124-B5DE-AB6BFB416D30 (490/5661)
Exported image for patient ID F40B1ED4-9AC2-4B2D-8316-4C667683E435 (491/5661)
Exported image for patient ID F4313590-C129-4A62-ABF4-25A9080604BF (492/5661)
Exported image for patient ID F4345A07-7F89-4504-AACE-62E1777ADF2C (493/5661)
Exported image for patient ID F443A109-5672-4CB7-967D-78037C900ADE (494/5661)
Exported image for patient ID F4669763-C533-40DE-B74E-EC49DCE98D0E (495/5661)
Exported image for patient ID F46D49C7-1BF0-490E-B26D-CD7466190FBA (496/5661)
Exported image for patient ID F476AD52-4AFD-4C43-BF4D-C6A936315932 (497/5661)
Exported image for patient ID F483D510-4BF3-4FDB-9E3A-FE397682DE67 (498/5661)
Exported image for patient ID F4EC0CFD-94BF-418E-B6B8-ED646D1ABC1F (499/5661)
Exported image for patient ID F4EFAC9C-F410-40DF-AC0B-A2F7C52687C5 (500/5661)
Exported image for patient ID F504D808-EB7C-435C-9EB4-07E1E26E853A (501/5661)
Exported image for patient ID F532B47A-8A92-4A5C-A370-958F2D7D4E1B (502/5661)
Exported image for patient ID F53AE48A-815F-4AE0-AD70-1D4B191418B0 (503/5661)
Exported image for patient ID F53C3520-4D31-4278-B759-22E452DFA984 (504/5661)
Exported image for patient ID F5685685-14BD-4011-9B98-A50BEEB1B835 (505/5661)
Exported image for patient ID F5757DC6-1ED4-4F94-A004-C8EF99D9327A (506/5661)
Exported image for patient ID F58878B4-8B9D-45B7-BE6B-8D8F2A27F325 (507/5661)
Exported image for patient ID F58FF9D4-F2CC-479B-9E5F-81D30C8A7FDD (508/5661)
Exported image for patient ID F59771C5-C3B7-4BBE-8801-FC3D28A1D72A (509/5661)
Exported image for patient ID F59C2593-741D-4A3E-B905-A580C0D31E60 (510/5661)
Exported image for patient ID F59F9D78-E0E0-4ABC-A57A-8EF1DDC6AEA9 (511/5661)
Exported image for patient ID F59FC6D1-633F-480C-8F5D-58E8697B121D (512/5661)
Exported image for patient ID F5BC0CB0-BD3B-4B28-B105-9F153766B5EC (513/5661)
Exported image for patient ID F5F2FF37-C6E7-4969-91DB-795431337474 (514/5661)
Exported image for patient ID F5F381B9-7941-4575-9186-E73C4069C21D (515/5661)
Exported image for patient ID F5FCBADC-9468-4E40-99A0-0AE3085FEBFC (516/5661)
Exported image for patient ID F60012CD-AA07-4C77-88B5-537AFB9D02F8 (517/5661)
Exported image for patient ID F601A7F6-5E37-468E-ABB6-DB3B1C6A5BC6 (518/5661)
Exported image for patient ID F6117EAD-97AD-4DD4-904E-11F63DC2189F (519/5661)
Exported image for patient ID F6216D6F-5B8A-48A9-88C7-5FFF44325CE1 (520/5661)
Exported image for patient ID F63E9728-1DE6-4FDD-A801-1340D7201A77 (521/5661)
Exported image for patient ID F64802B2-5CD8-49E4-AB90-D1CA748DE8DF (522/5661)
Exported image for patient ID F64ED0B9-F278-4611-A89F-D05BEB4C9441 (523/5661)
Exported image for patient ID F64F6956-60C8-4A86-91EE-C8122A89684D (524/5661)
Exported image for patient ID F652EEEA-A716-4CBB-9141-A7E4BE371253 (525/5661)
Exported image for patient ID F7302BA6-28E5-4F0D-A7D6-36D0BBD0D358 (526/5661)
Exported image for patient ID F7350FDC-4212-45AE-AA6F-E7582D3FCE2F (527/5661)
Exported image for patient ID F7376434-C4D5-4533-945C-6F6A8710328F (528/5661)
Exported image for patient ID F77C9288-3260-4752-AF40-B09AE1834D90 (529/5661)
Exported image for patient ID F7873DEE-D606-4F3F-B31C-758F6D2C18B5 (530/5661)
Exported image for patient ID F7CB75E7-F05C-4A05-B220-C44CFA84341C (531/5661)
Exported image for patient ID F7CB7B73-81A3-4B14-9C88-E176A26D4CBB (532/5661)
Exported image for patient ID F7DFA864-2F73-461F-BE69-DE1F1BD721CA (533/5661)
Exported image for patient ID F7FED6E0-39DA-4E72-9B38-AB239D057C2D (534/5661)
Exported image for patient ID F8159403-5AB0-4B93-BC14-36B730CE03EA (535/5661)
Exported image for patient ID F826709E-2772-4B7B-8D65-FB2A8D5A442D (536/5661)
Exported image for patient ID F82AC01B-8A11-439A-BE0A-E27F56750C25 (537/5661)
Exported image for patient ID F82D085D-1250-4AF3-A8C7-747FF6DE6004 (538/5661)
Exported image for patient ID F85392A3-FD49-4DDA-818D-80E7E7A44723 (539/5661)
Exported image for patient ID F8B0A4FA-CF14-4778-827F-515554B7E36A (540/5661)
Exported image for patient ID F8E7E968-17FE-4237-8492-866AB4B6B02F (541/5661)
Exported image for patient ID F8F3011F-B652-492F-B960-1673A5CFBFB3 (542/5661)
Exported image for patient ID F928AA1A-D96F-4F73-A958-827A819185FA (543/5661)
Exported image for patient ID F97B167A-098A-48F6-8778-701F2E8A91B7 (544/5661)
Exported image for patient ID F97BF0D2-862D-4F71-8E8F-AECD6AA19456 (545/5661)
Exported image for patient ID F986968F-3374-4EC1-B3E0-55FE54047BB0 (546/5661)
Exported image for patient ID F9F632B8-A75C-45DE-8359-C0A20F0BE750 (547/5661)
Exported image for patient ID FA028CFD-002D-40F9-88FB-03F85AA98AF3 (548/5661)
Exported image for patient ID FA0B53BA-5D74-4288-B80C-1A6DEFFA10FE (549/5661)
Exported image for patient ID FA2180A3-8DDB-4B92-AFA6-ACFB6EBA01D0 (550/5661)
Exported image for patient ID FA3A9047-3F6C-4EA6-B1CB-FE51FBCA11A2 (551/5661)
Exported image for patient ID FA4ECCA2-4E77-47D8-B6CA-B1C4022F498E (552/5661)
Exported image for patient ID FA5D596B-DD27-46CB-9088-213D28ACEA78 (553/5661)
Exported image for patient ID FA6306F7-BBA2-4DC8-8F05-20A85281D8B4 (554/5661)
Exported image for patient ID FA6C383F-9F76-4907-B869-207ED2305319 (555/5661)
Exported image for patient ID FAE407BE-B78C-4FFA-8C1A-D72CB9EFBC32 (556/5661)
Exported image for patient ID FAED9316-F9D9-45D4-A293-61C6B6E79116 (557/5661)
Exported image for patient ID FAF94D2F-DAE9-43DF-83DA-AE24E757D32B (558/5661)
Exported image for patient ID FAFDAA55-FFC1-460D-A7EF-8A9899474CDA (559/5661)
Exported image for patient ID FB1D38F7-4AF4-47C6-B95B-A6A0C3A18C2D (560/5661)
Exported image for patient ID FB24B7CC-6F87-490E-A639-A1B7C2D39DDB (561/5661)
Exported image for patient ID FB2DC8BC-F952-47B4-86D7-16886A533CB7 (562/5661)
Exported image for patient ID FB30F0DE-0525-4B1B-A6FA-E54A6F34DE40 (563/5661)
Exported image for patient ID FB42FE14-2761-45A4-8AA8-84A16A7E6727 (564/5661)
Exported image for patient ID FB531BE4-8E03-4E45-982B-95BDBC641F43 (565/5661)
Exported image for patient ID FBB34A3D-F198-4BCA-90FA-0733BA3E4F3E (566/5661)
Exported image for patient ID FBB9094F-A0AF-444F-8C2D-E697616A78B9 (567/5661)
Exported image for patient ID FBC1396D-1758-42EF-BB49-295D4E65B3DB (568/5661)
Exported image for patient ID FBC3D84E-B533-4F53-9A0D-637B03F9050E (569/5661)
Exported image for patient ID FBDA64C6-2081-40F6-A05C-BFF3B3D185CC (570/5661)
Exported image for patient ID FBE9BF79-7BA8-4AA8-BF7D-8CC8B0AF2C46 (571/5661)
Exported image for patient ID FBE9C1DD-F8AB-4912-AFC5-0577807EFF8A (572/5661)
Exported image for patient ID FBF1BB35-3ECC-48E4-8B00-648F8CE7E216 (573/5661)
Exported image for patient ID FBF9F218-DA65-4FC1-9AF2-DD0A78B2F188 (574/5661)
Exported image for patient ID FC4151D3-7B58-4B32-BF81-19EFCB6597A1 (575/5661)
Exported image for patient ID FCAE9477-08D6-40FC-8B54-62FB4EB68DC7 (576/5661)
Exported image for patient ID FCB4EFA5-EB5A-4D9E-B839-0D18C5BDC250 (577/5661)
Exported image for patient ID FCC63488-BE3C-47D2-A490-6A383D49F6A7 (578/5661)
Exported image for patient ID FCC65835-9A06-45CB-A4FA-320371EEF9B0 (579/5661)
Exported image for patient ID FCD549AF-0DDE-4550-8078-8283D07F21BD (580/5661)
Exported image for patient ID FCDDDD7F-8170-4724-A929-910059582F0B (581/5661)
Exported image for patient ID FD0896C1-E053-4C27-8B7C-4D9F77858001 (582/5661)
Exported image for patient ID FD0D3649-8AFE-46A2-BAE4-F63DC90269F6 (583/5661)
Exported image for patient ID FD0FD7A4-3D85-4D08-B1C1-948279B1F3E3 (584/5661)
Exported image for patient ID FD1B89F2-ECA9-4AE3-A51C-7CE14D59EA95 (585/5661)
Exported image for patient ID FD76CA9C-43AA-415D-8E92-BAC258CF862C (586/5661)
Exported image for patient ID FD8EBBE2-CE63-4591-AF97-7935F164634A (587/5661)
Exported image for patient ID FDA10268-FBE4-47CD-9C78-EE62EC89AB82 (588/5661)
Exported image for patient ID FDD00259-93C3-41B5-8255-FBAABD489F05 (589/5661)
Exported image for patient ID FDDBB771-0C20-4342-AC8F-A6D871A9D57A (590/5661)
Exported image for patient ID FDE53E64-075A-4115-B349-3DC650C84B88 (591/5661)
Exported image for patient ID FDE62442-8281-4C42-8304-9D40C90FA26A (592/5661)
Exported image for patient ID FDF1F446-BD45-449E-9F5A-67A8B826F6F9 (593/5661)
Exported image for patient ID FE43A259-BF44-43EB-BB25-E0F860C43439 (594/5661)
Exported image for patient ID FE50292F-E016-4CA3-9DAB-BB5E4CCFE213 (595/5661)
Exported image for patient ID FE72A7AE-BDDC-4955-897D-39306306BEA3 (596/5661)
Exported image for patient ID FE75A9AE-561B-446F-AD74-EEB8960F4ABB (597/5661)
Exported image for patient ID FE811C2B-0596-470B-84B4-F42B373F3188 (598/5661)
Exported image for patient ID FECB6B28-3720-43DE-8CD0-5751CE598B80 (599/5661)
Exported image for patient ID FEDD39B1-C0D9-4DE8-BD58-9BADFD08850B (600/5661)
Exported image for patient ID FF1AC672-FABE-40EE-97D4-B20235FB93A4 (601/5661)
Exported image for patient ID FF245055-B354-4AB0-88C8-36F935C16934 (602/5661)
Exported image for patient ID FF245152-0CCE-43B8-A997-D515B0A13D42 (603/5661)
Exported image for patient ID FF36DEB5-006C-4F1E-A11B-EAAA02C5ED6E (604/5661)
Exported image for patient ID FF49ED9D-9705-4B4A-838D-E1AAA2AD7224 (605/5661)
Exported image for patient ID FF4AF45B-47E4-453A-B4E4-59EF45BB19F5 (606/5661)
Exported image for patient ID FF4D1D58-2186-45CB-8064-499A71E66E0D (607/5661)
Exported image for patient ID FF508D02-3240-4CE5-89EE-C488F3E9C9DB (608/5661)
Exported image for patient ID FF509D31-5BDD-4F1E-BDB4-98325854C790 (609/5661)
Exported image for patient ID FF5D557C-6CD5-469B-9925-009CB859B47F (610/5661)
Exported image for patient ID FFD10F9E-110B-449A-91D3-1B9FABB8195E (611/5661)
Exported image for patient ID FFDE7D99-16F1-4F8C-80AE-ADE6E8215E9D (612/5661)
Exported image for patient ID FFFF68CD-431D-49D4-AF56-ED023B45A465 (613/5661)
All patient thumbnails exported.
